<?xml version="1.0" encoding="UTF-8"?>
<testsuite name="ru.stqa.pft.addressbook.tests.GroupCreationTest" tests="3" skipped="0" failures="0" errors="0" timestamp="2019-07-18T11:57:15" hostname="cherniavskyi" time="15.385">
  <properties/>
  <testcase name="testGroupCreation[0](GroupData{Id='2147483647', name='test 0'})" classname="ru.stqa.pft.addressbook.tests.GroupCreationTest" time="6.986"/>
  <testcase name="testGroupCreation[1](GroupData{Id='2147483647', name='test 1'})" classname="ru.stqa.pft.addressbook.tests.GroupCreationTest" time="4.298"/>
  <testcase name="testGroupCreation[2](GroupData{Id='2147483647', name='test 2'})" classname="ru.stqa.pft.addressbook.tests.GroupCreationTest" time="4.096"/>
  <system-out><![CDATA[]]></system-out>
  <system-err><![CDATA[]]></system-err>
</testsuite>
